<?xml version="1.0" encoding="UTF-8"?>
<testsuite name="com.example.loginandregistraionscreen.CredentialsManagerTest" tests="1" skipped="0" failures="0" errors="0" timestamp="2024-12-07T21:54:25" hostname="RAINBOW" time="0.012">
  <properties/>
  <testcase name="givenUsedEmailInDifferentCasing_WhileLogin_thenSuccess" classname="com.example.loginandregistraionscreen.CredentialsManagerTest" time="0.012"/>
  <system-out><![CDATA[]]></system-out>
  <system-err><![CDATA[]]></system-err>
</testsuite>
